<?xml version="1.0" encoding="UTF-8"?>
<testsuite xmlns:xsi="http://www.w3.org/2001/XMLSchema-instance" xsi:noNamespaceSchemaLocation="https://maven.apache.org/surefire/maven-surefire-plugin/xsd/surefire-test-report-3.0.xsd" version="3.0" name="main.KeyHandlerTest" time="0.068" tests="10" errors="0" skipped="0" failures="0">
  <properties>
[...]
</properties>
  <testcase name="MainCharacterMovesRightWhenRightKeyPressed" classname="main.KeyHandlerTest" time="0.005"/>
  <testcase name="GameContinueAfterWinningWhenKeyPressed" classname="main.KeyHandlerTest" time="0.008"/>
  <testcase name="InstructionsDisplayedWhenIIsPressed" classname="main.KeyHandlerTest" time="0.006"/>
  <testcase name="GameContinueAfterLosingWhenKeyPressed" classname="main.KeyHandlerTest" time="0.004"/>
  <testcase name="GameRestartAfterWinningWhenKeyPressed" classname="main.KeyHandlerTest" time="0.004"/>
  <testcase name="MainCharacterMovesLeftWhenLeftKeyPressed" classname="main.KeyHandlerTest" time="0.004"/>
  <testcase name="MainCharacterMovesUpWhenUpKeyPressed" classname="main.KeyHandlerTest" time="0.005"/>
  <testcase name="GameRestartAfterLosingWhenKeyPressed" classname="main.KeyHandlerTest" time="0.004"/>
  <testcase name="MainCharacterMovesDownWhenDownKeyPressed" classname="main.KeyHandlerTest" time="0.008"/>
  <testcase name="GamePausesWhenPIsPressed" classname="main.KeyHandlerTest" time="0.007"/>
</testsuite>