<?xml version="1.0" encoding="UTF-8"?>
<testsuite xmlns:xsi="http://www.w3.org/2001/XMLSchema-instance" xsi:noNamespaceSchemaLocation="https://maven.apache.org/surefire/maven-surefire-plugin/xsd/surefire-test-report-3.0.xsd" version="3.0" name="main.AssetSetterTest" time="0.2" tests="4" errors="0" skipped="0" failures="0">
  <properties>
[...]
</properties>
  <testcase name="keyCardsInitiatedCorrectly" classname="main.AssetSetterTest" time="0.02"/>
  <testcase name="HolesInitiatedCorrectly" classname="main.AssetSetterTest" time="0.002"/>
  <testcase name="doorInitiatedCorrectlyFirstLevel" classname="main.AssetSetterTest" time="0.002"/>
  <testcase name="powerUpsInitiatedCorrectly" classname="main.AssetSetterTest" time="0.002"/>
</testsuite>